2025-05-21 01:50:44 [INFO] Start Logging
2025-05-21 01:50:44 [DEBUG] [after_gui_loaded] Debug also here!
2025-05-21 01:50:44 [INFO] DEMO_MODE: True
2025-05-21 01:50:44 [DEBUG] [get_remaining_days] Today: 2025-05-21, 
Launch cutoff: 2025-05-20,
Days passed: 1
2025-05-21 01:50:44 [DEBUG] [get_remaining_days] Remaining days: 9
2025-05-21 01:52:30 [INFO] Start Logging
2025-05-21 01:52:31 [DEBUG] [after_gui_loaded] Debug also here!
2025-05-21 01:52:31 [INFO] DEMO_MODE: True
2025-05-21 01:52:31 [DEBUG] [get_remaining_days] Today: 2025-05-21, 
Launch cutoff: 2025-05-20,
Days passed: 1
2025-05-21 01:52:31 [DEBUG] [get_remaining_days] Remaining days: 9
2025-05-21 01:55:24 [INFO] Start Logging
2025-05-21 01:55:24 [DEBUG] [after_gui_loaded] Debug also here!
2025-05-21 01:55:24 [INFO] DEMO_MODE: True
2025-05-21 01:55:24 [DEBUG] [get_remaining_days] Today: 2025-05-21, 
Launch cutoff: 2025-05-20,
Days passed: 1
2025-05-21 01:55:24 [DEBUG] [get_remaining_days] Remaining days: 9
2025-05-21 01:55:34 [INFO] 
--------------------
2025-05-21 01:55:34 [DEBUG] [run_script] Aep file exist, program started
2025-05-21 01:55:34 [DEBUG] [run_script] Aep file: Popcorn.aep
2025-05-21 01:55:34 [DEBUG] [unzip_selected_files] unzip_selected_files Activated
2025-05-21 01:55:34 [DEBUG] [select_users] Found zip file: ['0407_0419 김철수 팝콘 (POPCORN) (빠른).zip', '0512_0312 박수 팝콘 (POPCORN).zip']
2025-05-21 01:55:34 [INFO] Skipping already extracted: 0407_0419 김철수 팝콘 (POPCORN) (빠른).zip
2025-05-21 01:55:34 [INFO] Skipping already extracted: 0512_0312 박수 팝콘 (POPCORN).zip
2025-05-21 01:55:43 [INFO] 
--------------------
2025-05-21 01:55:43 [DEBUG] [run_script] Aep file exist, program started
2025-05-21 01:55:43 [DEBUG] [run_script] Aep file: Popcorn.aep
2025-05-21 01:55:43 [DEBUG] [unzip_selected_files] unzip_selected_files Activated
2025-05-21 01:55:43 [DEBUG] [select_users] Found zip file: ['0407_0419 김철수 팝콘 (POPCORN) (빠른).zip', '0512_0312 박수 팝콘 (POPCORN).zip']
2025-05-21 01:55:43 [INFO] Unzipping: 0407_0419 김철수 팝콘 (POPCORN) (빠른).zip
2025-05-21 01:55:43 [DEBUG] [copy_aep] Copy aep started at directory: C:\Users\wldnj\Desktop\NTC\GitFolder\NTC\UnzipRefactored
2025-05-21 01:55:43 [DEBUG] [get_aep] Get aep started at directory: C:\Users\wldnj\Desktop\NTC\GitFolder\NTC\UnzipRefactored
2025-05-21 01:55:43 [DEBUG] [get_aep] Aep file: Popcorn.aep
2025-05-21 01:55:43 [INFO] Aep copy finished
2025-05-21 01:55:43 [INFO] Unzipping: 0512_0312 박수 팝콘 (POPCORN).zip
2025-05-21 01:55:43 [DEBUG] [copy_aep] Copy aep started at directory: C:\Users\wldnj\Desktop\NTC\GitFolder\NTC\UnzipRefactored
2025-05-21 01:55:43 [DEBUG] [get_aep] Get aep started at directory: C:\Users\wldnj\Desktop\NTC\GitFolder\NTC\UnzipRefactored
2025-05-21 01:55:43 [DEBUG] [get_aep] Aep file: Popcorn.aep
2025-05-21 01:55:43 [INFO] Aep copy finished
2025-05-21 01:55:43 [INFO] 2 converted to jpg
2025-05-21 01:55:43 [INFO] 12 converted to jpg
2025-05-21 02:00:35 [INFO] Start Logging
2025-05-21 02:00:35 [DEBUG] [after_gui_loaded] Debug also here!
2025-05-21 02:00:35 [INFO] DEMO_MODE: True
2025-05-21 02:00:35 [DEBUG] [get_remaining_days] Today: 2025-05-21, 
Launch cutoff: 2025-05-20,
Days passed: 1
2025-05-21 02:00:35 [DEBUG] [get_remaining_days] Remaining days: 9
2025-05-21 02:00:45 [INFO] 
--------------------
2025-05-21 02:00:45 [DEBUG] [run_script] Aep file exist, program started
2025-05-21 02:00:45 [DEBUG] [run_script] Aep file: Popcorn.aep
2025-05-21 02:00:45 [DEBUG] [unzip_selected_files] unzip_selected_files Activated
2025-05-21 02:00:45 [DEBUG] [select_users] Found zip file: ['0407_0419 김철수 팝콘 (POPCORN) (빠른).zip', '0512_0312 박수 팝콘 (POPCORN).zip']
2025-05-21 02:00:45 [INFO] Unzipping: 0407_0419 김철수 팝콘 (POPCORN) (빠른).zip
2025-05-21 02:00:45 [DEBUG] [copy_aep] Copy aep started at directory: C:\Users\wldnj\Desktop\NTC\GitFolder\NTC\UnzipRefactored
2025-05-21 02:00:45 [DEBUG] [get_aep] Get aep started at directory: C:\Users\wldnj\Desktop\NTC\GitFolder\NTC\UnzipRefactored
2025-05-21 02:00:45 [DEBUG] [get_aep] Aep file: Popcorn.aep
2025-05-21 02:00:45 [INFO] Aep copy finished
2025-05-21 02:00:45 [INFO] Unzipping: 0512_0312 박수 팝콘 (POPCORN).zip
2025-05-21 02:00:45 [DEBUG] [copy_aep] Copy aep started at directory: C:\Users\wldnj\Desktop\NTC\GitFolder\NTC\UnzipRefactored
2025-05-21 02:00:45 [DEBUG] [get_aep] Get aep started at directory: C:\Users\wldnj\Desktop\NTC\GitFolder\NTC\UnzipRefactored
2025-05-21 02:00:45 [DEBUG] [get_aep] Aep file: Popcorn.aep
2025-05-21 02:00:46 [INFO] Aep copy finished
2025-05-21 02:00:46 [INFO] 2 converted to jpg
2025-05-21 02:00:46 [INFO] 12 converted to jpg
2025-05-21 02:15:48 [INFO] Start Logging
2025-05-21 02:15:48 [DEBUG] [after_gui_loaded] Debug also here!
2025-05-21 02:15:48 [INFO] DEMO_MODE: True
2025-05-21 02:15:48 [DEBUG] [get_remaining_days] Today: 2025-05-21, 
Launch cutoff: 2025-05-20,
Days passed: 1
2025-05-21 02:15:48 [DEBUG] [get_remaining_days] Remaining days: 9
2025-05-21 05:24:21 [INFO] Start Logging
2025-05-21 05:24:21 [DEBUG] [after_gui_loaded] Debug also here!
2025-05-21 05:24:21 [INFO] DEMO_MODE: True
2025-05-21 05:24:21 [DEBUG] [get_remaining_days] Today: 2025-05-21, 
Launch cutoff: 2025-05-20,
Days passed: 1
2025-05-21 05:24:21 [DEBUG] [get_remaining_days] Remaining days: 9
2025-05-21 05:24:25 [INFO] Start Logging
2025-05-21 05:24:25 [DEBUG] [after_gui_loaded] Debug also here!
2025-05-21 05:24:25 [INFO] DEMO_MODE: True
2025-05-21 05:24:25 [DEBUG] [get_remaining_days] Today: 2025-05-21, 
Launch cutoff: 2025-05-20,
Days passed: 1
2025-05-21 05:24:25 [DEBUG] [get_remaining_days] Remaining days: 9
